Pig Stack Trace
---------------
ERROR 1200: Pig script failed to parse: 
<line 1, column 20> Undefined alias: groupdata

Failed to parse: Pig script failed to parse: 
<line 1, column 20> Undefined alias: groupdata
	at org.apache.pig.parser.QueryParserDriver.parse(QueryParserDriver.java:196)
	at org.apache.pig.PigServer$Graph.validateQuery(PigServer.java:1684)
	at org.apache.pig.PigServer$Graph.registerQuery(PigServer.java:1657)
	at org.apache.pig.PigServer.registerQuery(PigServer.java:600)
	at org.apache.pig.tools.grunt.GruntParser.processPig(GruntParser.java:1069)
	at org.apache.pig.tools.pigscript.parser.PigScriptParser.parse(PigScriptParser.java:501)
	at org.apache.pig.tools.grunt.GruntParser.parseStopOnError(GruntParser.java:228)
	at org.apache.pig.tools.grunt.GruntParser.parseStopOnError(GruntParser.java:203)
	at org.apache.pig.tools.grunt.Grunt.run(Grunt.java:66)
	at org.apache.pig.Main.run(Main.java:542)
	at org.apache.pig.Main.main(Main.java:156)
	at sun.reflect.NativeMethodAccessorImpl.invoke0(Native Method)
	at sun.reflect.NativeMethodAccessorImpl.invoke(NativeMethodAccessorImpl.java:62)
	at sun.reflect.DelegatingMethodAccessorImpl.invoke(DelegatingMethodAccessorImpl.java:43)
	at java.lang.reflect.Method.invoke(Method.java:498)
	at org.apache.hadoop.util.RunJar.run(RunJar.java:221)
	at org.apache.hadoop.util.RunJar.main(RunJar.java:136)
Caused by: 
<line 1, column 20> Undefined alias: groupdata
	at org.apache.pig.parser.AstValidator.validateAliasRef(AstValidator.java:278)
	at org.apache.pig.parser.AstValidator.rel(AstValidator.java:6526)
	at org.apache.pig.parser.AstValidator.foreach_clause(AstValidator.java:13915)
	at org.apache.pig.parser.AstValidator.op_clause(AstValidator.java:1923)
	at org.apache.pig.parser.AstValidator.general_statement(AstValidator.java:1035)
	at org.apache.pig.parser.AstValidator.statement(AstValidator.java:499)
	at org.apache.pig.parser.AstValidator.query(AstValidator.java:373)
	at org.apache.pig.parser.QueryParserDriver.validateAst(QueryParserDriver.java:255)
	at org.apache.pig.parser.QueryParserDriver.parse(QueryParserDriver.java:183)
	... 16 more
================================================================================
Pig Stack Trace
---------------
ERROR 1045: 
<line 6, column 56> Could not infer the matching function for org.apache.pig.builtin.AVG as multiple or none of them fit. Please use an explicit cast.

org.apache.pig.impl.logicalLayer.validators.TypeCheckerException: ERROR 1059: 
<line 6, column 12> Problem while reconciling output schema of ForEach
	at org.apache.pig.newplan.logical.visitor.TypeCheckingRelVisitor.throwTypeCheckerException(TypeCheckingRelVisitor.java:142)
	at org.apache.pig.newplan.logical.visitor.TypeCheckingRelVisitor.visit(TypeCheckingRelVisitor.java:182)
	at org.apache.pig.newplan.logical.relational.LOForEach.accept(LOForEach.java:87)
	at org.apache.pig.newplan.DependencyOrderWalker.walk(DependencyOrderWalker.java:75)
	at org.apache.pig.newplan.PlanVisitor.visit(PlanVisitor.java:52)
	at org.apache.pig.newplan.logical.relational.LogicalPlan.validate(LogicalPlan.java:188)
	at org.apache.pig.PigServer$Graph.validateQuery(PigServer.java:1685)
	at org.apache.pig.PigServer$Graph.registerQuery(PigServer.java:1657)
	at org.apache.pig.PigServer.registerQuery(PigServer.java:600)
	at org.apache.pig.tools.grunt.GruntParser.processPig(GruntParser.java:1069)
	at org.apache.pig.tools.pigscript.parser.PigScriptParser.parse(PigScriptParser.java:501)
	at org.apache.pig.tools.grunt.GruntParser.parseStopOnError(GruntParser.java:228)
	at org.apache.pig.tools.grunt.GruntParser.parseStopOnError(GruntParser.java:203)
	at org.apache.pig.tools.grunt.Grunt.run(Grunt.java:66)
	at org.apache.pig.Main.run(Main.java:542)
	at org.apache.pig.Main.main(Main.java:156)
	at sun.reflect.NativeMethodAccessorImpl.invoke0(Native Method)
	at sun.reflect.NativeMethodAccessorImpl.invoke(NativeMethodAccessorImpl.java:62)
	at sun.reflect.DelegatingMethodAccessorImpl.invoke(DelegatingMethodAccessorImpl.java:43)
	at java.lang.reflect.Method.invoke(Method.java:498)
	at org.apache.hadoop.util.RunJar.run(RunJar.java:221)
	at org.apache.hadoop.util.RunJar.main(RunJar.java:136)
Caused by: org.apache.pig.impl.logicalLayer.validators.TypeCheckerException: ERROR 1045: 
<line 6, column 56> Could not infer the matching function for org.apache.pig.builtin.AVG as multiple or none of them fit. Please use an explicit cast.
	at org.apache.pig.newplan.logical.visitor.TypeCheckingExpVisitor.visit(TypeCheckingExpVisitor.java:788)
	at org.apache.pig.newplan.logical.expression.UserFuncExpression.accept(UserFuncExpression.java:112)
	at org.apache.pig.newplan.ReverseDependencyOrderWalker.walk(ReverseDependencyOrderWalker.java:70)
	at org.apache.pig.newplan.PlanVisitor.visit(PlanVisitor.java:52)
	at org.apache.pig.newplan.logical.visitor.TypeCheckingRelVisitor.visitExpressionPlan(TypeCheckingRelVisitor.java:191)
	at org.apache.pig.newplan.logical.visitor.TypeCheckingRelVisitor.visit(TypeCheckingRelVisitor.java:157)
	at org.apache.pig.newplan.logical.relational.LOGenerate.accept(LOGenerate.java:245)
	at org.apache.pig.newplan.DependencyOrderWalker.walk(DependencyOrderWalker.java:75)
	at org.apache.pig.newplan.PlanVisitor.visit(PlanVisitor.java:52)
	at org.apache.pig.newplan.logical.visitor.TypeCheckingRelVisitor.visit(TypeCheckingRelVisitor.java:174)
	... 20 more
================================================================================
